Compiled jquery.js  (4ms)  (pid 8422)
Compiled jquery_ujs.js  (37ms)  (pid 8422)
Compiled boards.js  (121ms)  (pid 8422)
Compiled categories.js  (72ms)  (pid 8422)
Compiled comments.js  (146ms)  (pid 8422)
Compiled follow_boards.js  (82ms)  (pid 8422)
Compiled follows.js  (81ms)  (pid 8422)
Compiled likes.js  (75ms)  (pid 8422)
Compiled pins.js  (107ms)  (pid 8422)
Compiled users.js  (121ms)  (pid 8422)
Compiled application.js  (902ms)  (pid 8422)
Compiled boards.css  (8ms)  (pid 8422)
Compiled categories.css  (1ms)  (pid 8422)
Compiled comments.css  (1ms)  (pid 8422)
Compiled cosmo.css  (0ms)  (pid 8422)
Compiled follow_boards.css  (1ms)  (pid 8422)
Compiled follows.css  (1ms)  (pid 8422)
Compiled font-awesome.css  (0ms)  (pid 8422)
Compiled likes.css  (1ms)  (pid 8422)
Compiled pins.css  (1ms)  (pid 8422)
Compiled scaffolds.css  (9ms)  (pid 8422)
Compiled users.css  (1ms)  (pid 8422)
Compiled application.css  (77ms)  (pid 8422)
Compiled jquery.js  (4ms)  (pid 8457)
Compiled jquery_ujs.js  (0ms)  (pid 8457)
Compiled boards.js  (116ms)  (pid 8457)
Compiled categories.js  (77ms)  (pid 8457)
Compiled comments.js  (71ms)  (pid 8457)
Compiled follow_boards.js  (67ms)  (pid 8457)
Compiled follows.js  (111ms)  (pid 8457)
Compiled likes.js  (74ms)  (pid 8457)
Compiled pins.js  (67ms)  (pid 8457)
Compiled users.js  (107ms)  (pid 8457)
Compiled application.js  (748ms)  (pid 8457)
Compiled boards.css  (8ms)  (pid 8457)
Compiled categories.css  (1ms)  (pid 8457)
Compiled comments.css  (1ms)  (pid 8457)
Compiled cosmo.css  (0ms)  (pid 8457)
Compiled follow_boards.css  (1ms)  (pid 8457)
Compiled follows.css  (1ms)  (pid 8457)
Compiled font-awesome.css  (0ms)  (pid 8457)
Compiled likes.css  (1ms)  (pid 8457)
Compiled pins.css  (1ms)  (pid 8457)
Compiled scaffolds.css  (9ms)  (pid 8457)
Compiled users.css  (1ms)  (pid 8457)
Compiled application.css  (63ms)  (pid 8457)
Compiled jquery.js  (3ms)  (pid 8479)
Compiled jquery_ujs.js  (40ms)  (pid 8479)
Compiled boards.js  (101ms)  (pid 8479)
Compiled categories.js  (87ms)  (pid 8479)
Compiled comments.js  (131ms)  (pid 8479)
Compiled follow_boards.js  (100ms)  (pid 8479)
Compiled follows.js  (90ms)  (pid 8479)
Compiled likes.js  (89ms)  (pid 8479)
Compiled pins.js  (129ms)  (pid 8479)
Compiled users.js  (118ms)  (pid 8479)
Compiled application.js  (962ms)  (pid 8479)
Compiled boards.css  (5ms)  (pid 8479)
Compiled categories.css  (1ms)  (pid 8479)
Compiled comments.css  (0ms)  (pid 8479)
Compiled cosmo.css  (0ms)  (pid 8479)
Compiled follow_boards.css  (1ms)  (pid 8479)
Compiled follows.css  (0ms)  (pid 8479)
Compiled font-awesome.css  (0ms)  (pid 8479)
Compiled likes.css  (1ms)  (pid 8479)
Compiled pins.css  (1ms)  (pid 8479)
Compiled scaffolds.css  (8ms)  (pid 8479)
Compiled users.css  (1ms)  (pid 8479)
Compiled application.css  (58ms)  (pid 8479)
Compiled jquery.js  (5ms)  (pid 8507)
Compiled jquery_ujs.js  (33ms)  (pid 8507)
Compiled boards.js  (84ms)  (pid 8507)
Compiled categories.js  (69ms)  (pid 8507)
Compiled comments.js  (102ms)  (pid 8507)
Compiled follow_boards.js  (70ms)  (pid 8507)
Compiled follows.js  (65ms)  (pid 8507)
Compiled likes.js  (67ms)  (pid 8507)
Compiled pins.js  (109ms)  (pid 8507)
Compiled users.js  (120ms)  (pid 8507)
Compiled application.js  (782ms)  (pid 8507)
Compiled boards.css  (4ms)  (pid 8507)
Compiled categories.css  (1ms)  (pid 8507)
Compiled comments.css  (1ms)  (pid 8507)
Compiled cosmo.css  (0ms)  (pid 8507)
Compiled follow_boards.css  (1ms)  (pid 8507)
Compiled follows.css  (1ms)  (pid 8507)
Compiled font-awesome.css  (0ms)  (pid 8507)
Compiled likes.css  (1ms)  (pid 8507)
Compiled pins.css  (1ms)  (pid 8507)
Compiled scaffolds.css  (9ms)  (pid 8507)
Compiled users.css  (1ms)  (pid 8507)
Compiled application.css  (59ms)  (pid 8507)
Compiled jquery.js  (4ms)  (pid 9006)
Compiled jquery_ujs.js  (0ms)  (pid 9006)
Compiled boards.js  (80ms)  (pid 9006)
Compiled categories.js  (64ms)  (pid 9006)
Compiled comments.js  (89ms)  (pid 9006)
Compiled follow_boards.js  (64ms)  (pid 9006)
Compiled follows.js  (62ms)  (pid 9006)
Compiled likes.js  (65ms)  (pid 9006)
Compiled pins.js  (62ms)  (pid 9006)
Compiled users.js  (101ms)  (pid 9006)
Compiled application.js  (708ms)  (pid 9006)
Compiled boards.css  (7ms)  (pid 9006)
Compiled categories.css  (1ms)  (pid 9006)
Compiled comments.css  (1ms)  (pid 9006)
Compiled cosmo.css  (0ms)  (pid 9006)
Compiled follow_boards.css  (1ms)  (pid 9006)
Compiled follows.css  (1ms)  (pid 9006)
Compiled font-awesome.css  (0ms)  (pid 9006)
Compiled likes.css  (1ms)  (pid 9006)
Compiled pins.css  (1ms)  (pid 9006)
Compiled scaffolds.css  (10ms)  (pid 9006)
Compiled users.css  (1ms)  (pid 9006)
Compiled application.css  (62ms)  (pid 9006)
Compiled jquery.js  (4ms)  (pid 9076)
Compiled jquery_ujs.js  (0ms)  (pid 9076)
Compiled boards.js  (99ms)  (pid 9076)
Compiled categories.js  (75ms)  (pid 9076)
Compiled comments.js  (107ms)  (pid 9076)
Compiled follow_boards.js  (83ms)  (pid 9076)
Compiled follows.js  (76ms)  (pid 9076)
Compiled likes.js  (81ms)  (pid 9076)
Compiled pins.js  (73ms)  (pid 9076)
Compiled users.js  (134ms)  (pid 9076)
Compiled application.js  (873ms)  (pid 9076)
Compiled boards.css  (7ms)  (pid 9076)
Compiled categories.css  (1ms)  (pid 9076)
Compiled comments.css  (1ms)  (pid 9076)
Compiled cosmo.css  (0ms)  (pid 9076)
Compiled follow_boards.css  (1ms)  (pid 9076)
Compiled follows.css  (1ms)  (pid 9076)
Compiled font-awesome.css  (0ms)  (pid 9076)
Compiled likes.css  (1ms)  (pid 9076)
Compiled pins.css  (1ms)  (pid 9076)
Compiled scaffolds.css  (8ms)  (pid 9076)
Compiled users.css  (1ms)  (pid 9076)
Compiled application.css  (71ms)  (pid 9076)
Compiled jquery.js  (40ms)  (pid 9124)
Compiled jquery_ujs.js  (0ms)  (pid 9124)
Compiled boards.js  (68ms)  (pid 9124)
Compiled categories.js  (95ms)  (pid 9124)
Compiled comments.js  (63ms)  (pid 9124)
Compiled follow_boards.js  (61ms)  (pid 9124)
Compiled follows.js  (60ms)  (pid 9124)
Compiled likes.js  (94ms)  (pid 9124)
Compiled pins.js  (68ms)  (pid 9124)
Compiled users.js  (105ms)  (pid 9124)
Compiled application.js  (712ms)  (pid 9124)
Compiled boards.css  (7ms)  (pid 9124)
Compiled categories.css  (1ms)  (pid 9124)
Compiled comments.css  (1ms)  (pid 9124)
Compiled cosmo.css  (0ms)  (pid 9124)
Compiled follow_boards.css  (1ms)  (pid 9124)
Compiled follows.css  (1ms)  (pid 9124)
Compiled font-awesome.css  (0ms)  (pid 9124)
Compiled likes.css  (2ms)  (pid 9124)
Compiled pins.css  (1ms)  (pid 9124)
Compiled scaffolds.css  (8ms)  (pid 9124)
Compiled users.css  (1ms)  (pid 9124)
Compiled application.css  (73ms)  (pid 9124)
Compiled jquery.js  (5ms)  (pid 9162)
Compiled jquery_ujs.js  (0ms)  (pid 9162)
Compiled boards.js  (80ms)  (pid 9162)
Compiled categories.js  (63ms)  (pid 9162)
Compiled comments.js  (109ms)  (pid 9162)
Compiled follow_boards.js  (72ms)  (pid 9162)
Compiled follows.js  (66ms)  (pid 9162)
Compiled likes.js  (67ms)  (pid 9162)
Compiled pins.js  (62ms)  (pid 9162)
Compiled users.js  (117ms)  (pid 9162)
Compiled application.js  (754ms)  (pid 9162)
Compiled boards.css  (7ms)  (pid 9162)
Compiled categories.css  (1ms)  (pid 9162)
Compiled comments.css  (1ms)  (pid 9162)
Compiled cosmo.css  (0ms)  (pid 9162)
Compiled follow_boards.css  (1ms)  (pid 9162)
Compiled follows.css  (1ms)  (pid 9162)
Compiled likes.css  (1ms)  (pid 9162)
Compiled pins.css  (1ms)  (pid 9162)
Compiled scaffolds.css  (11ms)  (pid 9162)
Compiled users.css  (1ms)  (pid 9162)
Compiled application.css  (82ms)  (pid 9162)
Compiled jquery.js  (4ms)  (pid 9162)
Compiled jquery_ujs.js  (0ms)  (pid 9162)
Compiled boards.js  (67ms)  (pid 9162)
Compiled categories.js  (60ms)  (pid 9162)
Compiled comments.js  (89ms)  (pid 9162)
Compiled follow_boards.js  (67ms)  (pid 9162)
Compiled follows.js  (64ms)  (pid 9162)
Compiled likes.js  (59ms)  (pid 9162)
Compiled pins.js  (65ms)  (pid 9162)
Compiled users.js  (95ms)  (pid 9162)
Compiled application.js  (668ms)  (pid 9162)
Compiled boards.css  (5ms)  (pid 9162)
Compiled categories.css  (1ms)  (pid 9162)
Compiled comments.css  (1ms)  (pid 9162)
Compiled cosmo.css  (0ms)  (pid 9162)
Compiled follow_boards.css  (1ms)  (pid 9162)
Compiled follows.css  (1ms)  (pid 9162)
Compiled likes.css  (1ms)  (pid 9162)
Compiled pins.css  (0ms)  (pid 9162)
Compiled scaffolds.css  (8ms)  (pid 9162)
Compiled users.css  (1ms)  (pid 9162)
Compiled application.css  (51ms)  (pid 9162)
Compiled jquery.js  (4ms)  (pid 9343)
Compiled jquery_ujs.js  (0ms)  (pid 9343)
Compiled boards.js  (115ms)  (pid 9343)
Compiled categories.js  (60ms)  (pid 9343)
Compiled comments.js  (93ms)  (pid 9343)
Compiled follow_boards.js  (65ms)  (pid 9343)
Compiled follows.js  (75ms)  (pid 9343)
Compiled likes.js  (62ms)  (pid 9343)
Compiled pins.js  (94ms)  (pid 9343)
Compiled users.js  (104ms)  (pid 9343)
Compiled application.js  (759ms)  (pid 9343)
Compiled boards.css  (7ms)  (pid 9343)
Compiled categories.css  (1ms)  (pid 9343)
Compiled comments.css  (1ms)  (pid 9343)
Compiled cosmo.css  (0ms)  (pid 9343)
Compiled follow_boards.css  (1ms)  (pid 9343)
Compiled follows.css  (1ms)  (pid 9343)
Compiled likes.css  (2ms)  (pid 9343)
Compiled pins.css  (1ms)  (pid 9343)
Compiled scaffolds.css  (8ms)  (pid 9343)
Compiled users.css  (1ms)  (pid 9343)
Compiled application.css  (59ms)  (pid 9343)
Compiled jquery.js  (4ms)  (pid 9343)
Compiled jquery_ujs.js  (0ms)  (pid 9343)
Compiled boards.js  (67ms)  (pid 9343)
Compiled categories.js  (62ms)  (pid 9343)
Compiled comments.js  (87ms)  (pid 9343)
Compiled follow_boards.js  (62ms)  (pid 9343)
Compiled follows.js  (63ms)  (pid 9343)
Compiled likes.js  (58ms)  (pid 9343)
Compiled pins.js  (95ms)  (pid 9343)
Compiled users.js  (99ms)  (pid 9343)
Compiled application.js  (671ms)  (pid 9343)
Compiled boards.css  (7ms)  (pid 9343)
Compiled categories.css  (1ms)  (pid 9343)
Compiled comments.css  (1ms)  (pid 9343)
Compiled cosmo.css  (0ms)  (pid 9343)
Compiled follow_boards.css  (1ms)  (pid 9343)
Compiled follows.css  (1ms)  (pid 9343)
Compiled likes.css  (1ms)  (pid 9343)
Compiled pins.css  (1ms)  (pid 9343)
Compiled scaffolds.css  (13ms)  (pid 9343)
Compiled users.css  (1ms)  (pid 9343)
Compiled application.css  (65ms)  (pid 9343)
Compiled jquery.js  (5ms)  (pid 9481)
Compiled jquery_ujs.js  (0ms)  (pid 9481)
Compiled boards.js  (83ms)  (pid 9481)
Compiled categories.js  (68ms)  (pid 9481)
Compiled comments.js  (95ms)  (pid 9481)
Compiled follow_boards.js  (70ms)  (pid 9481)
Compiled follows.js  (97ms)  (pid 9481)
Compiled likes.js  (76ms)  (pid 9481)
Compiled pins.js  (94ms)  (pid 9481)
Compiled users.js  (103ms)  (pid 9481)
Compiled application.js  (781ms)  (pid 9481)
Compiled boards.css  (7ms)  (pid 9481)
Compiled categories.css  (1ms)  (pid 9481)
Compiled comments.css  (1ms)  (pid 9481)
Compiled cosmo.css  (0ms)  (pid 9481)
Compiled follow_boards.css  (1ms)  (pid 9481)
Compiled follows.css  (1ms)  (pid 9481)
Compiled likes.css  (1ms)  (pid 9481)
Compiled pins.css  (1ms)  (pid 9481)
Compiled scaffolds.css  (7ms)  (pid 9481)
Compiled users.css  (1ms)  (pid 9481)
Compiled application.css  (59ms)  (pid 9481)
Compiled jquery.js  (4ms)  (pid 9481)
Compiled jquery_ujs.js  (26ms)  (pid 9481)
Compiled boards.js  (68ms)  (pid 9481)
Compiled categories.js  (60ms)  (pid 9481)
Compiled comments.js  (93ms)  (pid 9481)
Compiled follow_boards.js  (62ms)  (pid 9481)
Compiled follows.js  (66ms)  (pid 9481)
Compiled likes.js  (60ms)  (pid 9481)
Compiled pins.js  (101ms)  (pid 9481)
Compiled users.js  (100ms)  (pid 9481)
Compiled application.js  (689ms)  (pid 9481)
Compiled boards.css  (4ms)  (pid 9481)
Compiled categories.css  (2ms)  (pid 9481)
Compiled comments.css  (1ms)  (pid 9481)
Compiled cosmo.css  (0ms)  (pid 9481)
Compiled follow_boards.css  (1ms)  (pid 9481)
Compiled follows.css  (2ms)  (pid 9481)
Compiled likes.css  (2ms)  (pid 9481)
Compiled pins.css  (1ms)  (pid 9481)
Compiled scaffolds.css  (12ms)  (pid 9481)
Compiled users.css  (1ms)  (pid 9481)
Compiled application.css  (77ms)  (pid 9481)
